<?xml version="1.0" encoding="UTF-8"?>
<!-- Generated by org.testng.reporters.JUnitReportReporter -->
<testsuite hostname="DESKTOP-VTTO2Q6" failures="0" tests="1" name="tests.SampleApiTest" time="2.812" errors="0" timestamp="2025-07-03T22:27:16 IST" skipped="0">
  <testcase classname="tests.SampleApiTest" name="getApiTest" time="2.812"/>
</testsuite> <!-- tests.SampleApiTest -->
